2023-05-19 17:15:30,440 [Worker-4: Loading available Gradle versions] INFO  o.e.b.c.i.u.g.PublishedGradleVersions - Gradle version information cache is up-to-date. Trying to read.
2023-05-19 17:15:49,872 [Worker-1: Importing Maven projects] INFO  o.e.m.c.i.l.LifecycleMappingFactory - Using org.eclipse.m2e.jdt.JarLifecycleMapping lifecycle mapping for MavenProject: com.registro.usuarios:com.registro.usuarios:1.0 @ D:\SAVE\ESTUDIOS\CIBERTEC\CICLO 5\CURSOS\Des. de Aplicaciones Web I\DAWI_proyect_spring\MakakoBurger_DAWI\registro-usuarios-spring-security\pom.xml.
2023-05-19 17:15:52,538 [Worker-1: Importing Maven projects] INFO  o.e.m.j.i.AbstractJavaProjectConfigurator - Adding source folder /com.registro.usuarios/src/main/java
2023-05-19 17:15:52,539 [Worker-1: Importing Maven projects] INFO  o.e.m.j.i.AbstractJavaProjectConfigurator - Adding resource folder /com.registro.usuarios/src/main/resources
2023-05-19 17:15:52,545 [Worker-1: Importing Maven projects] INFO  o.e.m.j.i.AbstractJavaProjectConfigurator - Adding resource folder /com.registro.usuarios/src/main/resources
2023-05-19 17:15:52,550 [Worker-1: Importing Maven projects] INFO  o.e.m.j.i.AbstractJavaProjectConfigurator - Adding source folder /com.registro.usuarios/src/test/java
2023-05-19 17:15:52,856 [Worker-1: Importing Maven projects] INFO  o.e.m.c.i.p.ProjectConfigurationManager - Imported and configured 1 project(s) in 6 sec
2023-05-19 17:15:54,482 [Worker-6: Building] INFO  o.e.m.c.i.embedder.EclipseLogger - Using 'UTF-8' encoding to copy filtered resources.
2023-05-19 17:15:54,482 [Worker-6: Building] INFO  o.e.m.c.i.embedder.EclipseLogger - Using 'UTF-8' encoding to copy filtered properties files.
2023-05-19 17:15:54,488 [Worker-6: Building] INFO  o.e.m.c.i.embedder.EclipseLogger - Copying 1 resource
2023-05-19 17:15:54,508 [Worker-6: Building] INFO  o.e.m.c.i.embedder.EclipseLogger - Copying 220 resources
2023-05-19 17:15:55,070 [Worker-6: Building] INFO  o.e.m.c.i.embedder.EclipseLogger - Using 'UTF-8' encoding to copy filtered resources.
2023-05-19 17:15:55,070 [Worker-6: Building] INFO  o.e.m.c.i.embedder.EclipseLogger - Using 'UTF-8' encoding to copy filtered properties files.
2023-05-19 17:15:55,071 [Worker-6: Building] INFO  o.e.m.c.i.embedder.EclipseLogger - skip non existing resourceDirectory D:\SAVE\ESTUDIOS\CIBERTEC\CICLO 5\CURSOS\Des. de Aplicaciones Web I\DAWI_proyect_spring\MakakoBurger_DAWI\registro-usuarios-spring-security\src\test\resources
2023-05-19 17:17:38,612 [Worker-10: Importing Maven projects] INFO  o.e.m.c.i.l.LifecycleMappingFactory - Using org.eclipse.m2e.jdt.JarLifecycleMapping lifecycle mapping for MavenProject: com.registro.usuarios:com.registro.usuarios:1.0 @ D:\SAVE\ESTUDIOS\CIBERTEC\CICLO 5\CURSOS\Des. de Aplicaciones Web I\DAWI_proyect_spring\MakakoBurger_DAWI\MakakoBurger_proyect\pom.xml.
2023-05-19 17:17:39,026 [Worker-10: Importing Maven projects] INFO  o.e.m.j.i.AbstractJavaProjectConfigurator - Adding source folder /com.registro.usuarios/src/main/java
2023-05-19 17:17:39,026 [Worker-10: Importing Maven projects] INFO  o.e.m.j.i.AbstractJavaProjectConfigurator - Adding resource folder /com.registro.usuarios/src/main/resources
2023-05-19 17:17:39,027 [Worker-10: Importing Maven projects] INFO  o.e.m.j.i.AbstractJavaProjectConfigurator - Adding resource folder /com.registro.usuarios/src/main/resources
2023-05-19 17:17:39,028 [Worker-10: Importing Maven projects] INFO  o.e.m.j.i.AbstractJavaProjectConfigurator - Adding source folder /com.registro.usuarios/src/test/java
2023-05-19 17:17:39,174 [Worker-10: Importing Maven projects] INFO  o.e.m.c.i.p.ProjectConfigurationManager - Imported and configured 1 project(s) in 0 sec
2023-05-19 17:17:39,712 [Worker-11: Building] INFO  o.e.m.c.i.embedder.EclipseLogger - Using 'UTF-8' encoding to copy filtered resources.
2023-05-19 17:17:39,712 [Worker-11: Building] INFO  o.e.m.c.i.embedder.EclipseLogger - Using 'UTF-8' encoding to copy filtered properties files.
2023-05-19 17:17:39,714 [Worker-11: Building] INFO  o.e.m.c.i.embedder.EclipseLogger - Copying 1 resource
2023-05-19 17:17:39,728 [Worker-11: Building] INFO  o.e.m.c.i.embedder.EclipseLogger - Copying 220 resources
2023-05-19 17:17:40,295 [Worker-11: Building] INFO  o.e.m.c.i.embedder.EclipseLogger - Using 'UTF-8' encoding to copy filtered resources.
2023-05-19 17:17:40,295 [Worker-11: Building] INFO  o.e.m.c.i.embedder.EclipseLogger - Using 'UTF-8' encoding to copy filtered properties files.
2023-05-19 17:17:40,295 [Worker-11: Building] INFO  o.e.m.c.i.embedder.EclipseLogger - skip non existing resourceDirectory D:\SAVE\ESTUDIOS\CIBERTEC\CICLO 5\CURSOS\Des. de Aplicaciones Web I\DAWI_proyect_spring\MakakoBurger_DAWI\MakakoBurger_proyect\src\test\resources
2023-05-19 17:20:07,966 [Worker-3: Building] INFO  o.e.m.c.i.l.LifecycleMappingFactory - Using org.eclipse.m2e.jdt.JarLifecycleMapping lifecycle mapping for MavenProject: com.registro.usuarios:com.registro.usuarios:1.0 @ D:\SAVE\ESTUDIOS\CIBERTEC\CICLO 5\CURSOS\Des. de Aplicaciones Web I\DAWI_proyect_spring\MakakoBurger_DAWI\MakakoBurger_proyect\pom.xml.
2023-05-19 17:20:08,245 [Worker-3: Building] INFO  o.e.m.c.i.embedder.EclipseLogger - Using 'UTF-8' encoding to copy filtered resources.
2023-05-19 17:20:08,245 [Worker-3: Building] INFO  o.e.m.c.i.embedder.EclipseLogger - Using 'UTF-8' encoding to copy filtered properties files.
2023-05-19 17:20:08,246 [Worker-3: Building] INFO  o.e.m.c.i.embedder.EclipseLogger - Copying 1 resource
2023-05-19 17:20:08,249 [Worker-3: Building] INFO  o.e.m.c.i.embedder.EclipseLogger - Copying 220 resources
2023-05-19 17:20:08,906 [Worker-3: Building] INFO  o.e.m.c.i.embedder.EclipseLogger - Using 'UTF-8' encoding to copy filtered resources.
2023-05-19 17:20:08,906 [Worker-3: Building] INFO  o.e.m.c.i.embedder.EclipseLogger - Using 'UTF-8' encoding to copy filtered properties files.
2023-05-19 17:20:08,906 [Worker-3: Building] INFO  o.e.m.c.i.embedder.EclipseLogger - skip non existing resourceDirectory D:\SAVE\ESTUDIOS\CIBERTEC\CICLO 5\CURSOS\Des. de Aplicaciones Web I\DAWI_proyect_spring\MakakoBurger_DAWI\MakakoBurger_proyect\src\test\resources
2023-05-19 17:20:48,791 [Worker-4: Updating Maven Project] INFO  o.e.m.c.i.p.ProjectConfigurationManager - Update started
2023-05-19 17:20:48,956 [Worker-4: Updating Maven Project] INFO  o.e.m.c.i.l.LifecycleMappingFactory - Using org.eclipse.m2e.jdt.JarLifecycleMapping lifecycle mapping for MavenProject: com.registro.usuarios:com.registro.usuarios:1.0 @ D:\SAVE\ESTUDIOS\CIBERTEC\CICLO 5\CURSOS\Des. de Aplicaciones Web I\DAWI_proyect_spring\MakakoBurger_DAWI\MakakoBurger_proyect\pom.xml.
2023-05-19 17:20:49,356 [Worker-4: Updating Maven Project] INFO  o.e.m.j.i.AbstractJavaProjectConfigurator - Adding source folder /MakakoBurger_proyect/src/main/java
2023-05-19 17:20:49,356 [Worker-4: Updating Maven Project] INFO  o.e.m.j.i.AbstractJavaProjectConfigurator - Adding resource folder /MakakoBurger_proyect/src/main/resources
2023-05-19 17:20:49,357 [Worker-4: Updating Maven Project] INFO  o.e.m.j.i.AbstractJavaProjectConfigurator - Adding resource folder /MakakoBurger_proyect/src/main/resources
2023-05-19 17:20:49,358 [Worker-4: Updating Maven Project] INFO  o.e.m.j.i.AbstractJavaProjectConfigurator - Adding source folder /MakakoBurger_proyect/src/test/java
2023-05-19 17:20:49,681 [Worker-4: Updating Maven Project] INFO  o.e.m.c.i.p.ProjectConfigurationManager - Update completed for 1 poms: local refresh takes 0.00 sec, refresh facades takes 0.00 sec, update config takes 0.00 sec 
2023-05-19 17:20:50,055 [Worker-9: Building] INFO  o.e.m.c.i.embedder.EclipseLogger - Using 'UTF-8' encoding to copy filtered resources.
2023-05-19 17:20:50,055 [Worker-9: Building] INFO  o.e.m.c.i.embedder.EclipseLogger - Using 'UTF-8' encoding to copy filtered properties files.
2023-05-19 17:20:50,056 [Worker-9: Building] INFO  o.e.m.c.i.embedder.EclipseLogger - Copying 1 resource
2023-05-19 17:20:50,067 [Worker-9: Building] INFO  o.e.m.c.i.embedder.EclipseLogger - Copying 220 resources
2023-05-19 17:20:50,502 [Worker-9: Building] INFO  o.e.m.c.i.embedder.EclipseLogger - Using 'UTF-8' encoding to copy filtered resources.
2023-05-19 17:20:50,502 [Worker-9: Building] INFO  o.e.m.c.i.embedder.EclipseLogger - Using 'UTF-8' encoding to copy filtered properties files.
2023-05-19 17:20:50,502 [Worker-9: Building] INFO  o.e.m.c.i.embedder.EclipseLogger - skip non existing resourceDirectory D:\SAVE\ESTUDIOS\CIBERTEC\CICLO 5\CURSOS\Des. de Aplicaciones Web I\DAWI_proyect_spring\MakakoBurger_DAWI\MakakoBurger_proyect\src\test\resources
